ARM GAS  C:\Users\PAVAND~1\AppData\Local\Temp\ccc2Y6FV.s 			page 1


   1              		.cpu cortex-m0
   2              		.fpu softvfp
   3              		.eabi_attribute 20, 1
   4              		.eabi_attribute 21, 1
   5              		.eabi_attribute 23, 3
   6              		.eabi_attribute 24, 1
   7              		.eabi_attribute 25, 1
   8              		.eabi_attribute 26, 1
   9              		.eabi_attribute 30, 6
  10              		.eabi_attribute 34, 0
  11              		.eabi_attribute 18, 4
  12              		.code	16
  13              		.file	"main.c"
  14              		.text
  15              	.Ltext0:
  16              		.cfi_sections	.debug_frame
  17              		.section	.text.main,"ax",%progbits
  18              		.align	2
  19              		.global	main
  20              		.code	16
  21              		.thumb_func
  22              		.type	main, %function
  23              	main:
  24              	.LFB35:
  25              		.file 1 ".\\main.c"
   1:.\main.c      **** #include <project.h>
   2:.\main.c      **** #include <stdbool.h> 
   3:.\main.c      **** 
   4:.\main.c      **** int main()
   5:.\main.c      **** {
  26              		.loc 1 5 0
  27              		.cfi_startproc
  28 0000 90B5     		push	{r4, r7, lr}
  29              		.cfi_def_cfa_offset 12
  30              		.cfi_offset 4, -12
  31              		.cfi_offset 7, -8
  32              		.cfi_offset 14, -4
  33 0002 83B0     		sub	sp, sp, #12
  34              		.cfi_def_cfa_offset 24
  35 0004 00AF     		add	r7, sp, #0
  36              		.cfi_def_cfa_register 7
   6:.\main.c      ****     enum states { // Declaration of states
   7:.\main.c      ****         NSGreen,
   8:.\main.c      ****         NSYellow,
   9:.\main.c      ****         AllRed,
  10:.\main.c      ****         WGreen,
  11:.\main.c      ****         WYellow,
  12:.\main.c      ****         EGreen,
  13:.\main.c      ****         EYellow,
  14:.\main.c      ****         NASAGreen,
  15:.\main.c      ****         NASAYellow,
  16:.\main.c      ****         SAGreen,
  17:.\main.c      ****         SSAGreen,
  18:.\main.c      ****         SSAYellow,
  19:.\main.c      ****         SGreen
  20:.\main.c      ****     };
  21:.\main.c      ****   
ARM GAS  C:\Users\PAVAND~1\AppData\Local\Temp\ccc2Y6FV.s 			page 2


  22:.\main.c      ****     
  23:.\main.c      ****     int state2 = 0;      // state2 will hold the count for the states
  37              		.loc 1 23 0
  38 0006 0023     		mov	r3, #0
  39 0008 7B60     		str	r3, [r7, #4]
  24:.\main.c      ****     uint8 ESensor, NASensor;
  25:.\main.c      ****    
  26:.\main.c      ****     enum states state = NSGreen;    //Defining the intial state
  40              		.loc 1 26 0
  41 000a FB1C     		add	r3, r7, #3
  42 000c 0022     		mov	r2, #0
  43 000e 1A70     		strb	r2, [r3]
  44              	.L38:
  27:.\main.c      ****     
  28:.\main.c      ****     for(;;){  
  29:.\main.c      ****         
  30:.\main.c      ****         if (state2 == 15) state2 = 0;
  45              		.loc 1 30 0
  46 0010 7B68     		ldr	r3, [r7, #4]
  47 0012 0F2B     		cmp	r3, #15
  48 0014 01D1     		bne	.L2
  49              		.loc 1 30 0 is_stmt 0 discriminator 1
  50 0016 0023     		mov	r3, #0
  51 0018 7B60     		str	r3, [r7, #4]
  52              	.L2:
  31:.\main.c      ****         switch (state) {
  53              		.loc 1 31 0 is_stmt 1
  54 001a FB1C     		add	r3, r7, #3
  55 001c 1B78     		ldrb	r3, [r3]
  56 001e 0C2B     		cmp	r3, #12
  57 0020 00D9     		bls	.LCB30
  58 0022 37E2     		b	.L3	@long jump
  59              	.LCB30:
  60 0024 9A00     		lsl	r2, r3, #2
  61 0026 DC4B     		ldr	r3, .L39
  62 0028 D318     		add	r3, r2, r3
  63 002a 1B68     		ldr	r3, [r3]
  64 002c 9F46     		mov	pc, r3
  65              		.section	.rodata
  66              		.align	2
  67              	.L5:
  68 0000 2E000000 		.word	.L4
  69 0004 6E000000 		.word	.L6
  70 0008 BC000000 		.word	.L7
  71 000c 8C010000 		.word	.L8
  72 0010 CE010000 		.word	.L9
  73 0014 16020000 		.word	.L10
  74 0018 60020000 		.word	.L11
  75 001c B4020000 		.word	.L12
  76 0020 FE020000 		.word	.L13
  77 0024 48030000 		.word	.L14
  78 0028 B8030000 		.word	.L15
  79 002c 08040000 		.word	.L16
  80 0030 4A040000 		.word	.L17
  81              		.section	.text.main
  82              	.L4:
  32:.\main.c      ****             case NSGreen:
ARM GAS  C:\Users\PAVAND~1\AppData\Local\Temp\ccc2Y6FV.s 			page 3


  33:.\main.c      ****                 NRed_Write(0),NGreen_Write(1);
  83              		.loc 1 33 0
  84 002e 0020     		mov	r0, #0
  85 0030 FFF7FEFF 		bl	NRed_Write
  86 0034 0120     		mov	r0, #1
  87 0036 FFF7FEFF 		bl	NGreen_Write
  34:.\main.c      ****                 SRed_Write(0), SGreen_Write(1);
  88              		.loc 1 34 0
  89 003a 0020     		mov	r0, #0
  90 003c FFF7FEFF 		bl	SRed_Write
  91 0040 0120     		mov	r0, #1
  92 0042 FFF7FEFF 		bl	SGreen_Write
  35:.\main.c      ****                 WRed_Write(1);
  93              		.loc 1 35 0
  94 0046 0120     		mov	r0, #1
  95 0048 FFF7FEFF 		bl	WRed_Write
  36:.\main.c      ****                 ERed_Write(1);
  96              		.loc 1 36 0
  97 004c 0120     		mov	r0, #1
  98 004e FFF7FEFF 		bl	ERed_Write
  37:.\main.c      ****                 NARed_Write(1);
  99              		.loc 1 37 0
 100 0052 0120     		mov	r0, #1
 101 0054 FFF7FEFF 		bl	NARed_Write
  38:.\main.c      ****                 SARed_Write(1);
 102              		.loc 1 38 0
 103 0058 0120     		mov	r0, #1
 104 005a FFF7FEFF 		bl	SARed_Write
  39:.\main.c      ****                 if(state2 == 0)
 105              		.loc 1 39 0
 106 005e 7B68     		ldr	r3, [r7, #4]
 107 0060 002B     		cmp	r3, #0
 108 0062 03D1     		bne	.L18
  40:.\main.c      ****                     state = NSYellow;
 109              		.loc 1 40 0
 110 0064 FB1C     		add	r3, r7, #3
 111 0066 0122     		mov	r2, #1
 112 0068 1A70     		strb	r2, [r3]
  41:.\main.c      ****                 break;
 113              		.loc 1 41 0
 114 006a 13E2     		b	.L3
 115              	.L18:
 116 006c 12E2     		b	.L3
 117              	.L6:
  42:.\main.c      ****             case NSYellow:
  43:.\main.c      ****                 CyDelay (10000);                                              
 118              		.loc 1 43 0
 119 006e CB4B     		ldr	r3, .L39+4
 120 0070 181C     		mov	r0, r3
 121 0072 FFF7FEFF 		bl	CyDelay
  44:.\main.c      ****                 NGreen_Write(0), NYellow_Write(1);
 122              		.loc 1 44 0
 123 0076 0020     		mov	r0, #0
 124 0078 FFF7FEFF 		bl	NGreen_Write
 125 007c 0120     		mov	r0, #1
 126 007e FFF7FEFF 		bl	NYellow_Write
  45:.\main.c      ****                 SGreen_Write(0), SYellow_Write(1);
ARM GAS  C:\Users\PAVAND~1\AppData\Local\Temp\ccc2Y6FV.s 			page 4


 127              		.loc 1 45 0
 128 0082 0020     		mov	r0, #0
 129 0084 FFF7FEFF 		bl	SGreen_Write
 130 0088 0120     		mov	r0, #1
 131 008a FFF7FEFF 		bl	SYellow_Write
  46:.\main.c      ****                 WRed_Write(1);
 132              		.loc 1 46 0
 133 008e 0120     		mov	r0, #1
 134 0090 FFF7FEFF 		bl	WRed_Write
  47:.\main.c      ****                 ERed_Write(1);
 135              		.loc 1 47 0
 136 0094 0120     		mov	r0, #1
 137 0096 FFF7FEFF 		bl	ERed_Write
  48:.\main.c      ****                 NARed_Write(1);
 138              		.loc 1 48 0
 139 009a 0120     		mov	r0, #1
 140 009c FFF7FEFF 		bl	NARed_Write
  49:.\main.c      ****                 SARed_Write(1);
 141              		.loc 1 49 0
 142 00a0 0120     		mov	r0, #1
 143 00a2 FFF7FEFF 		bl	SARed_Write
  50:.\main.c      ****                 if(state2 == 1)
 144              		.loc 1 50 0
 145 00a6 7B68     		ldr	r3, [r7, #4]
 146 00a8 012B     		cmp	r3, #1
 147 00aa 02D1     		bne	.L19
  51:.\main.c      ****                     state = AllRed;
 148              		.loc 1 51 0
 149 00ac FB1C     		add	r3, r7, #3
 150 00ae 0222     		mov	r2, #2
 151 00b0 1A70     		strb	r2, [r3]
 152              	.L19:
  52:.\main.c      ****                 CyDelay (3000);
 153              		.loc 1 52 0
 154 00b2 BB4B     		ldr	r3, .L39+8
 155 00b4 181C     		mov	r0, r3
 156 00b6 FFF7FEFF 		bl	CyDelay
  53:.\main.c      ****                 break;
 157              		.loc 1 53 0
 158 00ba EBE1     		b	.L3
 159              	.L7:
  54:.\main.c      ****             case AllRed:  
  55:.\main.c      ****                               
  56:.\main.c      ****                 ESensor = ESensor_Read();
 160              		.loc 1 56 0
 161 00bc BC1C     		add	r4, r7, #2
 162 00be FFF7FEFF 		bl	ESensor_Read
 163 00c2 031C     		mov	r3, r0
 164 00c4 2370     		strb	r3, [r4]
  57:.\main.c      ****                 NASensor = NASensor_Read(); 
 165              		.loc 1 57 0
 166 00c6 7C1C     		add	r4, r7, #1
 167 00c8 FFF7FEFF 		bl	NASensor_Read
 168 00cc 031C     		mov	r3, r0
 169 00ce 2370     		strb	r3, [r4]
  58:.\main.c      ****                 NYellow_Write(0), NRed_Write(1);
 170              		.loc 1 58 0
ARM GAS  C:\Users\PAVAND~1\AppData\Local\Temp\ccc2Y6FV.s 			page 5


 171 00d0 0020     		mov	r0, #0
 172 00d2 FFF7FEFF 		bl	NYellow_Write
 173 00d6 0120     		mov	r0, #1
 174 00d8 FFF7FEFF 		bl	NRed_Write
  59:.\main.c      ****                 SYellow_Write(0), SRed_Write(1);
 175              		.loc 1 59 0
 176 00dc 0020     		mov	r0, #0
 177 00de FFF7FEFF 		bl	SYellow_Write
 178 00e2 0120     		mov	r0, #1
 179 00e4 FFF7FEFF 		bl	SRed_Write
  60:.\main.c      ****                 WYellow_Write(0), WRed_Write(1);
 180              		.loc 1 60 0
 181 00e8 0020     		mov	r0, #0
 182 00ea FFF7FEFF 		bl	WYellow_Write
 183 00ee 0120     		mov	r0, #1
 184 00f0 FFF7FEFF 		bl	WRed_Write
  61:.\main.c      ****                 EYellow_Write(0), ERed_Write(1);
 185              		.loc 1 61 0
 186 00f4 0020     		mov	r0, #0
 187 00f6 FFF7FEFF 		bl	EYellow_Write
 188 00fa 0120     		mov	r0, #1
 189 00fc FFF7FEFF 		bl	ERed_Write
  62:.\main.c      ****                 NARed_Write(1);
 190              		.loc 1 62 0
 191 0100 0120     		mov	r0, #1
 192 0102 FFF7FEFF 		bl	NARed_Write
  63:.\main.c      ****                 SARed_Write(1);
 193              		.loc 1 63 0
 194 0106 0120     		mov	r0, #1
 195 0108 FFF7FEFF 		bl	SARed_Write
  64:.\main.c      ****                 if(state2 == 2)
 196              		.loc 1 64 0
 197 010c 7B68     		ldr	r3, [r7, #4]
 198 010e 022B     		cmp	r3, #2
 199 0110 02D1     		bne	.L20
  65:.\main.c      ****                     state = WGreen;
 200              		.loc 1 65 0
 201 0112 FB1C     		add	r3, r7, #3
 202 0114 0322     		mov	r2, #3
 203 0116 1A70     		strb	r2, [r3]
 204              	.L20:
  66:.\main.c      ****                 if((state2 == 5) && (ESensor_Read()))
 205              		.loc 1 66 0
 206 0118 7B68     		ldr	r3, [r7, #4]
 207 011a 052B     		cmp	r3, #5
 208 011c 07D1     		bne	.L21
 209              		.loc 1 66 0 is_stmt 0 discriminator 1
 210 011e FFF7FEFF 		bl	ESensor_Read
 211 0122 031C     		mov	r3, r0
 212 0124 002B     		cmp	r3, #0
 213 0126 02D0     		beq	.L21
  67:.\main.c      ****                 state = EGreen;
 214              		.loc 1 67 0 is_stmt 1
 215 0128 FB1C     		add	r3, r7, #3
 216 012a 0522     		mov	r2, #5
 217 012c 1A70     		strb	r2, [r3]
 218              	.L21:
ARM GAS  C:\Users\PAVAND~1\AppData\Local\Temp\ccc2Y6FV.s 			page 6


  68:.\main.c      ****                 if(((state2 == 5) && (!ESensor_Read())) || ((state2 == 8) && (NASensor_Read()))){
 219              		.loc 1 68 0
 220 012e 7B68     		ldr	r3, [r7, #4]
 221 0130 052B     		cmp	r3, #5
 222 0132 04D1     		bne	.L22
 223              		.loc 1 68 0 is_stmt 0 discriminator 1
 224 0134 FFF7FEFF 		bl	ESensor_Read
 225 0138 031C     		mov	r3, r0
 226 013a 002B     		cmp	r3, #0
 227 013c 07D0     		beq	.L23
 228              	.L22:
 229              		.loc 1 68 0 discriminator 2
 230 013e 7B68     		ldr	r3, [r7, #4]
 231 0140 082B     		cmp	r3, #8
 232 0142 0CD1     		bne	.L24
 233              		.loc 1 68 0 discriminator 1
 234 0144 FFF7FEFF 		bl	NASensor_Read
 235 0148 031C     		mov	r3, r0
 236 014a 002B     		cmp	r3, #0
 237 014c 07D0     		beq	.L24
 238              	.L23:
  69:.\main.c      ****                     state = NASAGreen;
 239              		.loc 1 69 0 is_stmt 1
 240 014e FB1C     		add	r3, r7, #3
 241 0150 0722     		mov	r2, #7
 242 0152 1A70     		strb	r2, [r3]
  70:.\main.c      ****                     if(state2 != 8) state2 = 8;
 243              		.loc 1 70 0
 244 0154 7B68     		ldr	r3, [r7, #4]
 245 0156 082B     		cmp	r3, #8
 246 0158 01D0     		beq	.L24
 247              		.loc 1 70 0 is_stmt 0 discriminator 1
 248 015a 0823     		mov	r3, #8
 249 015c 7B60     		str	r3, [r7, #4]
 250              	.L24:
  71:.\main.c      ****                 }if(((state2 == 5) && (!ESensor_Read()))|| ((state2 == 8) && (!NASensor_Read()))){
 251              		.loc 1 71 0 is_stmt 1
 252 015e 7B68     		ldr	r3, [r7, #4]
 253 0160 052B     		cmp	r3, #5
 254 0162 04D1     		bne	.L25
 255              		.loc 1 71 0 is_stmt 0 discriminator 1
 256 0164 FFF7FEFF 		bl	ESensor_Read
 257 0168 031C     		mov	r3, r0
 258 016a 002B     		cmp	r3, #0
 259 016c 07D0     		beq	.L26
 260              	.L25:
 261              		.loc 1 71 0 discriminator 2
 262 016e 7B68     		ldr	r3, [r7, #4]
 263 0170 082B     		cmp	r3, #8
 264 0172 0AD1     		bne	.L27
 265              		.loc 1 71 0 discriminator 1
 266 0174 FFF7FEFF 		bl	NASensor_Read
 267 0178 031C     		mov	r3, r0
 268 017a 002B     		cmp	r3, #0
 269 017c 05D1     		bne	.L27
 270              	.L26:
  72:.\main.c      ****                     state = SSAGreen;
ARM GAS  C:\Users\PAVAND~1\AppData\Local\Temp\ccc2Y6FV.s 			page 7


 271              		.loc 1 72 0 is_stmt 1
 272 017e FB1C     		add	r3, r7, #3
 273 0180 0A22     		mov	r2, #10
 274 0182 1A70     		strb	r2, [r3]
  73:.\main.c      ****                     state2 = 11; 
 275              		.loc 1 73 0
 276 0184 0B23     		mov	r3, #11
 277 0186 7B60     		str	r3, [r7, #4]
  74:.\main.c      ****                 }break;
 278              		.loc 1 74 0
 279 0188 84E1     		b	.L3
 280              	.L27:
 281 018a 83E1     		b	.L3
 282              	.L8:
  75:.\main.c      ****             case WGreen:
  76:.\main.c      ****                 CyDelay (1250);
 283              		.loc 1 76 0
 284 018c 854B     		ldr	r3, .L39+12
 285 018e 181C     		mov	r0, r3
 286 0190 FFF7FEFF 		bl	CyDelay
  77:.\main.c      ****                 NRed_Write(1);
 287              		.loc 1 77 0
 288 0194 0120     		mov	r0, #1
 289 0196 FFF7FEFF 		bl	NRed_Write
  78:.\main.c      ****                 SRed_Write(1);
 290              		.loc 1 78 0
 291 019a 0120     		mov	r0, #1
 292 019c FFF7FEFF 		bl	SRed_Write
  79:.\main.c      ****                 WRed_Write(0), WGreen_Write(1);
 293              		.loc 1 79 0
 294 01a0 0020     		mov	r0, #0
 295 01a2 FFF7FEFF 		bl	WRed_Write
 296 01a6 0120     		mov	r0, #1
 297 01a8 FFF7FEFF 		bl	WGreen_Write
  80:.\main.c      ****                 ERed_Write(1);
 298              		.loc 1 80 0
 299 01ac 0120     		mov	r0, #1
 300 01ae FFF7FEFF 		bl	ERed_Write
  81:.\main.c      ****                 NARed_Write(1);
 301              		.loc 1 81 0
 302 01b2 0120     		mov	r0, #1
 303 01b4 FFF7FEFF 		bl	NARed_Write
  82:.\main.c      ****                 SARed_Write(1);
 304              		.loc 1 82 0
 305 01b8 0120     		mov	r0, #1
 306 01ba FFF7FEFF 		bl	SARed_Write
  83:.\main.c      ****                 if(state2 == 3)
 307              		.loc 1 83 0
 308 01be 7B68     		ldr	r3, [r7, #4]
 309 01c0 032B     		cmp	r3, #3
 310 01c2 03D1     		bne	.L28
  84:.\main.c      ****                     state = WYellow;
 311              		.loc 1 84 0
 312 01c4 FB1C     		add	r3, r7, #3
 313 01c6 0422     		mov	r2, #4
 314 01c8 1A70     		strb	r2, [r3]
  85:.\main.c      ****                 break;
ARM GAS  C:\Users\PAVAND~1\AppData\Local\Temp\ccc2Y6FV.s 			page 8


 315              		.loc 1 85 0
 316 01ca 63E1     		b	.L3
 317              	.L28:
 318 01cc 62E1     		b	.L3
 319              	.L9:
  86:.\main.c      ****             case WYellow:
  87:.\main.c      ****                 CyDelay (7500);
 320              		.loc 1 87 0
 321 01ce 764B     		ldr	r3, .L39+16
 322 01d0 181C     		mov	r0, r3
 323 01d2 FFF7FEFF 		bl	CyDelay
  88:.\main.c      ****                 NRed_Write(1);
 324              		.loc 1 88 0
 325 01d6 0120     		mov	r0, #1
 326 01d8 FFF7FEFF 		bl	NRed_Write
  89:.\main.c      ****                 SRed_Write(1);
 327              		.loc 1 89 0
 328 01dc 0120     		mov	r0, #1
 329 01de FFF7FEFF 		bl	SRed_Write
  90:.\main.c      ****                 WGreen_Write(0), WYellow_Write(1);
 330              		.loc 1 90 0
 331 01e2 0020     		mov	r0, #0
 332 01e4 FFF7FEFF 		bl	WGreen_Write
 333 01e8 0120     		mov	r0, #1
 334 01ea FFF7FEFF 		bl	WYellow_Write
  91:.\main.c      ****                 ERed_Write(1);
 335              		.loc 1 91 0
 336 01ee 0120     		mov	r0, #1
 337 01f0 FFF7FEFF 		bl	ERed_Write
  92:.\main.c      ****                 NARed_Write(1);
 338              		.loc 1 92 0
 339 01f4 0120     		mov	r0, #1
 340 01f6 FFF7FEFF 		bl	NARed_Write
  93:.\main.c      ****                 SARed_Write(1);
 341              		.loc 1 93 0
 342 01fa 0120     		mov	r0, #1
 343 01fc FFF7FEFF 		bl	SARed_Write
  94:.\main.c      ****                 if(state2 == 4)
 344              		.loc 1 94 0
 345 0200 7B68     		ldr	r3, [r7, #4]
 346 0202 042B     		cmp	r3, #4
 347 0204 02D1     		bne	.L29
  95:.\main.c      ****                     state = AllRed;
 348              		.loc 1 95 0
 349 0206 FB1C     		add	r3, r7, #3
 350 0208 0222     		mov	r2, #2
 351 020a 1A70     		strb	r2, [r3]
 352              	.L29:
  96:.\main.c      ****                 CyDelay(2750);
 353              		.loc 1 96 0
 354 020c 674B     		ldr	r3, .L39+20
 355 020e 181C     		mov	r0, r3
 356 0210 FFF7FEFF 		bl	CyDelay
  97:.\main.c      ****                 break;
 357              		.loc 1 97 0
 358 0214 3EE1     		b	.L3
 359              	.L10:
ARM GAS  C:\Users\PAVAND~1\AppData\Local\Temp\ccc2Y6FV.s 			page 9


  98:.\main.c      ****             case EGreen:
  99:.\main.c      ****                 CyDelay (1000);
 360              		.loc 1 99 0
 361 0216 FA23     		mov	r3, #250
 362 0218 9B00     		lsl	r3, r3, #2
 363 021a 181C     		mov	r0, r3
 364 021c FFF7FEFF 		bl	CyDelay
 100:.\main.c      ****                 NRed_Write(1);
 365              		.loc 1 100 0
 366 0220 0120     		mov	r0, #1
 367 0222 FFF7FEFF 		bl	NRed_Write
 101:.\main.c      ****                 SRed_Write(1);
 368              		.loc 1 101 0
 369 0226 0120     		mov	r0, #1
 370 0228 FFF7FEFF 		bl	SRed_Write
 102:.\main.c      ****                 WYellow_Write(0);
 371              		.loc 1 102 0
 372 022c 0020     		mov	r0, #0
 373 022e FFF7FEFF 		bl	WYellow_Write
 103:.\main.c      ****                 WRed_Write(1);
 374              		.loc 1 103 0
 375 0232 0120     		mov	r0, #1
 376 0234 FFF7FEFF 		bl	WRed_Write
 104:.\main.c      ****                 ERed_Write(0), EGreen_Write(1);
 377              		.loc 1 104 0
 378 0238 0020     		mov	r0, #0
 379 023a FFF7FEFF 		bl	ERed_Write
 380 023e 0120     		mov	r0, #1
 381 0240 FFF7FEFF 		bl	EGreen_Write
 105:.\main.c      ****                 NARed_Write(1);
 382              		.loc 1 105 0
 383 0244 0120     		mov	r0, #1
 384 0246 FFF7FEFF 		bl	NARed_Write
 106:.\main.c      ****                 SARed_Write(1);
 385              		.loc 1 106 0
 386 024a 0120     		mov	r0, #1
 387 024c FFF7FEFF 		bl	SARed_Write
 107:.\main.c      ****                 if(state2 == 6)
 388              		.loc 1 107 0
 389 0250 7B68     		ldr	r3, [r7, #4]
 390 0252 062B     		cmp	r3, #6
 391 0254 03D1     		bne	.L30
 108:.\main.c      ****                     state = EYellow;
 392              		.loc 1 108 0
 393 0256 FB1C     		add	r3, r7, #3
 394 0258 0622     		mov	r2, #6
 395 025a 1A70     		strb	r2, [r3]
 109:.\main.c      ****                 break;
 396              		.loc 1 109 0
 397 025c 1AE1     		b	.L3
 398              	.L30:
 399 025e 19E1     		b	.L3
 400              	.L11:
 110:.\main.c      ****             case EYellow:
 111:.\main.c      ****                 CyDelay (5000);
 401              		.loc 1 111 0
 402 0260 534B     		ldr	r3, .L39+24
ARM GAS  C:\Users\PAVAND~1\AppData\Local\Temp\ccc2Y6FV.s 			page 10


 403 0262 181C     		mov	r0, r3
 404 0264 FFF7FEFF 		bl	CyDelay
 112:.\main.c      ****                 NRed_Write(1);
 405              		.loc 1 112 0
 406 0268 0120     		mov	r0, #1
 407 026a FFF7FEFF 		bl	NRed_Write
 113:.\main.c      ****                 SRed_Write(1);
 408              		.loc 1 113 0
 409 026e 0120     		mov	r0, #1
 410 0270 FFF7FEFF 		bl	SRed_Write
 114:.\main.c      ****                 WRed_Write(1);
 411              		.loc 1 114 0
 412 0274 0120     		mov	r0, #1
 413 0276 FFF7FEFF 		bl	WRed_Write
 115:.\main.c      ****                 ERed_Write(0), EGreen_Write(0), EYellow_Write(1);
 414              		.loc 1 115 0
 415 027a 0020     		mov	r0, #0
 416 027c FFF7FEFF 		bl	ERed_Write
 417 0280 0020     		mov	r0, #0
 418 0282 FFF7FEFF 		bl	EGreen_Write
 419 0286 0120     		mov	r0, #1
 420 0288 FFF7FEFF 		bl	EYellow_Write
 116:.\main.c      ****                 NARed_Write(1);
 421              		.loc 1 116 0
 422 028c 0120     		mov	r0, #1
 423 028e FFF7FEFF 		bl	NARed_Write
 117:.\main.c      ****                 SARed_Write(1);
 424              		.loc 1 117 0
 425 0292 0120     		mov	r0, #1
 426 0294 FFF7FEFF 		bl	SARed_Write
 118:.\main.c      ****                 if(state2 == 7)
 427              		.loc 1 118 0
 428 0298 7B68     		ldr	r3, [r7, #4]
 429 029a 072B     		cmp	r3, #7
 430 029c 02D1     		bne	.L31
 119:.\main.c      ****                     state = AllRed;
 431              		.loc 1 119 0
 432 029e FB1C     		add	r3, r7, #3
 433 02a0 0222     		mov	r2, #2
 434 02a2 1A70     		strb	r2, [r3]
 435              	.L31:
 120:.\main.c      ****                 CyDelay (2500);
 436              		.loc 1 120 0
 437 02a4 434B     		ldr	r3, .L39+28
 438 02a6 181C     		mov	r0, r3
 439 02a8 FFF7FEFF 		bl	CyDelay
 121:.\main.c      ****                 EYellow_Write(0);
 440              		.loc 1 121 0
 441 02ac 0020     		mov	r0, #0
 442 02ae FFF7FEFF 		bl	EYellow_Write
 122:.\main.c      ****                 break;
 443              		.loc 1 122 0
 444 02b2 EFE0     		b	.L3
 445              	.L12:
 123:.\main.c      ****             case NASAGreen:
 124:.\main.c      ****                 CyDelay(1000);
 446              		.loc 1 124 0
ARM GAS  C:\Users\PAVAND~1\AppData\Local\Temp\ccc2Y6FV.s 			page 11


 447 02b4 FA23     		mov	r3, #250
 448 02b6 9B00     		lsl	r3, r3, #2
 449 02b8 181C     		mov	r0, r3
 450 02ba FFF7FEFF 		bl	CyDelay
 125:.\main.c      ****                 NRed_Write(1);
 451              		.loc 1 125 0
 452 02be 0120     		mov	r0, #1
 453 02c0 FFF7FEFF 		bl	NRed_Write
 126:.\main.c      ****                 SRed_Write(1);
 454              		.loc 1 126 0
 455 02c4 0120     		mov	r0, #1
 456 02c6 FFF7FEFF 		bl	SRed_Write
 127:.\main.c      ****                 WRed_Write(1);
 457              		.loc 1 127 0
 458 02ca 0120     		mov	r0, #1
 459 02cc FFF7FEFF 		bl	WRed_Write
 128:.\main.c      ****                 ERed_Write(1);
 460              		.loc 1 128 0
 461 02d0 0120     		mov	r0, #1
 462 02d2 FFF7FEFF 		bl	ERed_Write
 129:.\main.c      ****                 NARed_Write(0), NAGreen_Write(1);
 463              		.loc 1 129 0
 464 02d6 0020     		mov	r0, #0
 465 02d8 FFF7FEFF 		bl	NARed_Write
 466 02dc 0120     		mov	r0, #1
 467 02de FFF7FEFF 		bl	NAGreen_Write
 130:.\main.c      ****                 SARed_Write(0), SAGreen_Write(1);
 468              		.loc 1 130 0
 469 02e2 0020     		mov	r0, #0
 470 02e4 FFF7FEFF 		bl	SARed_Write
 471 02e8 0120     		mov	r0, #1
 472 02ea FFF7FEFF 		bl	SAGreen_Write
 131:.\main.c      ****                 if(state2 == 9)
 473              		.loc 1 131 0
 474 02ee 7B68     		ldr	r3, [r7, #4]
 475 02f0 092B     		cmp	r3, #9
 476 02f2 03D1     		bne	.L32
 132:.\main.c      ****                     state = NASAYellow;
 477              		.loc 1 132 0
 478 02f4 FB1C     		add	r3, r7, #3
 479 02f6 0822     		mov	r2, #8
 480 02f8 1A70     		strb	r2, [r3]
 133:.\main.c      ****                 break;
 481              		.loc 1 133 0
 482 02fa CBE0     		b	.L3
 483              	.L32:
 484 02fc CAE0     		b	.L3
 485              	.L13:
 134:.\main.c      ****             case NASAYellow:
 135:.\main.c      ****                 CyDelay (4000);
 486              		.loc 1 135 0
 487 02fe FA23     		mov	r3, #250
 488 0300 1B01     		lsl	r3, r3, #4
 489 0302 181C     		mov	r0, r3
 490 0304 FFF7FEFF 		bl	CyDelay
 136:.\main.c      ****                 NRed_Write(1);
 491              		.loc 1 136 0
ARM GAS  C:\Users\PAVAND~1\AppData\Local\Temp\ccc2Y6FV.s 			page 12


 492 0308 0120     		mov	r0, #1
 493 030a FFF7FEFF 		bl	NRed_Write
 137:.\main.c      ****                 SRed_Write(1);
 494              		.loc 1 137 0
 495 030e 0120     		mov	r0, #1
 496 0310 FFF7FEFF 		bl	SRed_Write
 138:.\main.c      ****                 WRed_Write(1);
 497              		.loc 1 138 0
 498 0314 0120     		mov	r0, #1
 499 0316 FFF7FEFF 		bl	WRed_Write
 139:.\main.c      ****                 ERed_Write(1);
 500              		.loc 1 139 0
 501 031a 0120     		mov	r0, #1
 502 031c FFF7FEFF 		bl	ERed_Write
 140:.\main.c      ****                 NAGreen_Write(0), NAYellow_Write(1);
 503              		.loc 1 140 0
 504 0320 0020     		mov	r0, #0
 505 0322 FFF7FEFF 		bl	NAGreen_Write
 506 0326 0120     		mov	r0, #1
 507 0328 FFF7FEFF 		bl	NAYellow_Write
 141:.\main.c      ****                 SAGreen_Write(0), SAGreen_Write(1);
 508              		.loc 1 141 0
 509 032c 0020     		mov	r0, #0
 510 032e FFF7FEFF 		bl	SAGreen_Write
 511 0332 0120     		mov	r0, #1
 512 0334 FFF7FEFF 		bl	SAGreen_Write
 142:.\main.c      ****                 if(state2 == 10)
 513              		.loc 1 142 0
 514 0338 7B68     		ldr	r3, [r7, #4]
 515 033a 0A2B     		cmp	r3, #10
 516 033c 03D1     		bne	.L33
 143:.\main.c      ****                     state = SAGreen;
 517              		.loc 1 143 0
 518 033e FB1C     		add	r3, r7, #3
 519 0340 0922     		mov	r2, #9
 520 0342 1A70     		strb	r2, [r3]
 144:.\main.c      ****                 break;    
 521              		.loc 1 144 0
 522 0344 A6E0     		b	.L3
 523              	.L33:
 524 0346 A5E0     		b	.L3
 525              	.L14:
 145:.\main.c      ****             case SAGreen:
 146:.\main.c      ****                 CyDelay (2500);
 526              		.loc 1 146 0
 527 0348 1A4B     		ldr	r3, .L39+28
 528 034a 181C     		mov	r0, r3
 529 034c FFF7FEFF 		bl	CyDelay
 147:.\main.c      ****                 NRed_Write(1);
 530              		.loc 1 147 0
 531 0350 0120     		mov	r0, #1
 532 0352 FFF7FEFF 		bl	NRed_Write
 148:.\main.c      ****                 SRed_Write(1);
 533              		.loc 1 148 0
 534 0356 0120     		mov	r0, #1
 535 0358 FFF7FEFF 		bl	SRed_Write
 149:.\main.c      ****                 WRed_Write(1);
ARM GAS  C:\Users\PAVAND~1\AppData\Local\Temp\ccc2Y6FV.s 			page 13


 536              		.loc 1 149 0
 537 035c 0120     		mov	r0, #1
 538 035e FFF7FEFF 		bl	WRed_Write
 150:.\main.c      ****                 EYellow_Write(0), ERed_Write(1);
 539              		.loc 1 150 0
 540 0362 0020     		mov	r0, #0
 541 0364 FFF7FEFF 		bl	EYellow_Write
 542 0368 0120     		mov	r0, #1
 543 036a FFF7FEFF 		bl	ERed_Write
 151:.\main.c      ****                 NAYellow_Write(0), NARed_Write(1);
 544              		.loc 1 151 0
 545 036e 0020     		mov	r0, #0
 546 0370 FFF7FEFF 		bl	NAYellow_Write
 547 0374 0120     		mov	r0, #1
 548 0376 FFF7FEFF 		bl	NARed_Write
 152:.\main.c      ****                 SAYellow_Write(0), SAGreen_Write(1);
 549              		.loc 1 152 0
 550 037a 0020     		mov	r0, #0
 551 037c FFF7FEFF 		bl	SAYellow_Write
 552 0380 0120     		mov	r0, #1
 553 0382 FFF7FEFF 		bl	SAGreen_Write
 153:.\main.c      ****                 if(state2 == 11)
 554              		.loc 1 153 0
 555 0386 7B68     		ldr	r3, [r7, #4]
 556 0388 0B2B     		cmp	r3, #11
 557 038a 03D1     		bne	.L34
 154:.\main.c      ****                     state = SSAGreen;
 558              		.loc 1 154 0
 559 038c FB1C     		add	r3, r7, #3
 560 038e 0A22     		mov	r2, #10
 561 0390 1A70     		strb	r2, [r3]
 155:.\main.c      ****                 break;
 562              		.loc 1 155 0
 563 0392 7FE0     		b	.L3
 564              	.L34:
 565 0394 7EE0     		b	.L3
 566              	.L40:
 567 0396 C046     		.align	2
 568              	.L39:
 569 0398 00000000 		.word	.L5
 570 039c 10270000 		.word	10000
 571 03a0 B80B0000 		.word	3000
 572 03a4 E2040000 		.word	1250
 573 03a8 4C1D0000 		.word	7500
 574 03ac BE0A0000 		.word	2750
 575 03b0 88130000 		.word	5000
 576 03b4 C4090000 		.word	2500
 577              	.L15:
 156:.\main.c      ****             case SSAGreen:
 157:.\main.c      ****                 CyDelay (1000);
 578              		.loc 1 157 0
 579 03b8 FA23     		mov	r3, #250
 580 03ba 9B00     		lsl	r3, r3, #2
 581 03bc 181C     		mov	r0, r3
 582 03be FFF7FEFF 		bl	CyDelay
 158:.\main.c      ****                 NRed_Write(1);
 583              		.loc 1 158 0
ARM GAS  C:\Users\PAVAND~1\AppData\Local\Temp\ccc2Y6FV.s 			page 14


 584 03c2 0120     		mov	r0, #1
 585 03c4 FFF7FEFF 		bl	NRed_Write
 159:.\main.c      ****                 SRed_Write(0), SGreen_Write(1);
 586              		.loc 1 159 0
 587 03c8 0020     		mov	r0, #0
 588 03ca FFF7FEFF 		bl	SRed_Write
 589 03ce 0120     		mov	r0, #1
 590 03d0 FFF7FEFF 		bl	SGreen_Write
 160:.\main.c      ****                 WRed_Write(1);
 591              		.loc 1 160 0
 592 03d4 0120     		mov	r0, #1
 593 03d6 FFF7FEFF 		bl	WRed_Write
 161:.\main.c      ****                 ERed_Write(1);
 594              		.loc 1 161 0
 595 03da 0120     		mov	r0, #1
 596 03dc FFF7FEFF 		bl	ERed_Write
 162:.\main.c      ****                 EYellow_Write(0), NARed_Write(1);
 597              		.loc 1 162 0
 598 03e0 0020     		mov	r0, #0
 599 03e2 FFF7FEFF 		bl	EYellow_Write
 600 03e6 0120     		mov	r0, #1
 601 03e8 FFF7FEFF 		bl	NARed_Write
 163:.\main.c      ****                 SARed_Write(0), SAGreen_Write(1);
 602              		.loc 1 163 0
 603 03ec 0020     		mov	r0, #0
 604 03ee FFF7FEFF 		bl	SARed_Write
 605 03f2 0120     		mov	r0, #1
 606 03f4 FFF7FEFF 		bl	SAGreen_Write
 164:.\main.c      ****                 if(state2 == 12)
 607              		.loc 1 164 0
 608 03f8 7B68     		ldr	r3, [r7, #4]
 609 03fa 0C2B     		cmp	r3, #12
 610 03fc 03D1     		bne	.L35
 165:.\main.c      ****                     state = SSAYellow;
 611              		.loc 1 165 0
 612 03fe FB1C     		add	r3, r7, #3
 613 0400 0B22     		mov	r2, #11
 614 0402 1A70     		strb	r2, [r3]
 166:.\main.c      ****                 break;
 615              		.loc 1 166 0
 616 0404 46E0     		b	.L3
 617              	.L35:
 618 0406 45E0     		b	.L3
 619              	.L16:
 167:.\main.c      ****             case SSAYellow:
 168:.\main.c      ****                 CyDelay (6000);
 620              		.loc 1 168 0
 621 0408 244B     		ldr	r3, .L41
 622 040a 181C     		mov	r0, r3
 623 040c FFF7FEFF 		bl	CyDelay
 169:.\main.c      ****                 NRed_Write(1);
 624              		.loc 1 169 0
 625 0410 0120     		mov	r0, #1
 626 0412 FFF7FEFF 		bl	NRed_Write
 170:.\main.c      ****                 SGreen_Write(1);
 627              		.loc 1 170 0
 628 0416 0120     		mov	r0, #1
ARM GAS  C:\Users\PAVAND~1\AppData\Local\Temp\ccc2Y6FV.s 			page 15


 629 0418 FFF7FEFF 		bl	SGreen_Write
 171:.\main.c      ****                 WRed_Write(1);
 630              		.loc 1 171 0
 631 041c 0120     		mov	r0, #1
 632 041e FFF7FEFF 		bl	WRed_Write
 172:.\main.c      ****                 ERed_Write(1);
 633              		.loc 1 172 0
 634 0422 0120     		mov	r0, #1
 635 0424 FFF7FEFF 		bl	ERed_Write
 173:.\main.c      ****                 NARed_Write(1);
 636              		.loc 1 173 0
 637 0428 0120     		mov	r0, #1
 638 042a FFF7FEFF 		bl	NARed_Write
 174:.\main.c      ****                 SAGreen_Write(0), SAYellow_Write(1);
 639              		.loc 1 174 0
 640 042e 0020     		mov	r0, #0
 641 0430 FFF7FEFF 		bl	SAGreen_Write
 642 0434 0120     		mov	r0, #1
 643 0436 FFF7FEFF 		bl	SAYellow_Write
 175:.\main.c      ****                 if(state2 == 13)
 644              		.loc 1 175 0
 645 043a 7B68     		ldr	r3, [r7, #4]
 646 043c 0D2B     		cmp	r3, #13
 647 043e 03D1     		bne	.L36
 176:.\main.c      ****                     state = SGreen;
 648              		.loc 1 176 0
 649 0440 FB1C     		add	r3, r7, #3
 650 0442 0C22     		mov	r2, #12
 651 0444 1A70     		strb	r2, [r3]
 177:.\main.c      ****                 break;   
 652              		.loc 1 177 0
 653 0446 25E0     		b	.L3
 654              	.L36:
 655 0448 24E0     		b	.L3
 656              	.L17:
 178:.\main.c      ****             case SGreen:
 179:.\main.c      ****                 CyDelay (3000);
 657              		.loc 1 179 0
 658 044a 154B     		ldr	r3, .L41+4
 659 044c 181C     		mov	r0, r3
 660 044e FFF7FEFF 		bl	CyDelay
 180:.\main.c      ****                 NRed_Write(1);
 661              		.loc 1 180 0
 662 0452 0120     		mov	r0, #1
 663 0454 FFF7FEFF 		bl	NRed_Write
 181:.\main.c      ****                 SGreen_Write(1);
 664              		.loc 1 181 0
 665 0458 0120     		mov	r0, #1
 666 045a FFF7FEFF 		bl	SGreen_Write
 182:.\main.c      ****                 WRed_Write(1);
 667              		.loc 1 182 0
 668 045e 0120     		mov	r0, #1
 669 0460 FFF7FEFF 		bl	WRed_Write
 183:.\main.c      ****                 ERed_Write(1);
 670              		.loc 1 183 0
 671 0464 0120     		mov	r0, #1
 672 0466 FFF7FEFF 		bl	ERed_Write
ARM GAS  C:\Users\PAVAND~1\AppData\Local\Temp\ccc2Y6FV.s 			page 16


 184:.\main.c      ****                 NARed_Write(1);
 673              		.loc 1 184 0
 674 046a 0120     		mov	r0, #1
 675 046c FFF7FEFF 		bl	NARed_Write
 185:.\main.c      ****                 SAYellow_Write(0),SARed_Write(1);
 676              		.loc 1 185 0
 677 0470 0020     		mov	r0, #0
 678 0472 FFF7FEFF 		bl	SAYellow_Write
 679 0476 0120     		mov	r0, #1
 680 0478 FFF7FEFF 		bl	SARed_Write
 186:.\main.c      ****                 if(state2 == 14)
 681              		.loc 1 186 0
 682 047c 7B68     		ldr	r3, [r7, #4]
 683 047e 0E2B     		cmp	r3, #14
 684 0480 02D1     		bne	.L37
 187:.\main.c      ****                     state = NSGreen;
 685              		.loc 1 187 0
 686 0482 FB1C     		add	r3, r7, #3
 687 0484 0022     		mov	r2, #0
 688 0486 1A70     		strb	r2, [r3]
 689              	.L37:
 188:.\main.c      ****                 CyDelay(1000);
 690              		.loc 1 188 0
 691 0488 FA23     		mov	r3, #250
 692 048a 9B00     		lsl	r3, r3, #2
 693 048c 181C     		mov	r0, r3
 694 048e FFF7FEFF 		bl	CyDelay
 189:.\main.c      ****                 break;   
 695              		.loc 1 189 0
 696 0492 C046     		mov	r8, r8
 697              	.L3:
 190:.\main.c      ****         }
 191:.\main.c      ****     state2++;
 698              		.loc 1 191 0
 699 0494 7B68     		ldr	r3, [r7, #4]
 700 0496 0133     		add	r3, r3, #1
 701 0498 7B60     		str	r3, [r7, #4]
 192:.\main.c      ****     }
 702              		.loc 1 192 0
 703 049a B9E5     		b	.L38
 704              	.L42:
 705              		.align	2
 706              	.L41:
 707 049c 70170000 		.word	6000
 708 04a0 B80B0000 		.word	3000
 709              		.cfi_endproc
 710              	.LFE35:
 711              		.size	main, .-main
 712              		.text
 713              	.Letext0:
 714              		.file 2 ".\\Generated_Source\\PSoC4/cytypes.h"
 715              		.section	.debug_info,"",%progbits
 716              	.Ldebug_info0:
 717 0000 38010000 		.4byte	0x138
 718 0004 0400     		.2byte	0x4
 719 0006 00000000 		.4byte	.Ldebug_abbrev0
 720 000a 04       		.byte	0x4
ARM GAS  C:\Users\PAVAND~1\AppData\Local\Temp\ccc2Y6FV.s 			page 17


 721 000b 01       		.uleb128 0x1
 722 000c 45000000 		.4byte	.LASF30
 723 0010 01       		.byte	0x1
 724 0011 02010000 		.4byte	.LASF31
 725 0015 46010000 		.4byte	.LASF32
 726 0019 00000000 		.4byte	.Ldebug_ranges0+0
 727 001d 00000000 		.4byte	0
 728 0021 00000000 		.4byte	.Ldebug_line0
 729 0025 02       		.uleb128 0x2
 730 0026 01       		.byte	0x1
 731 0027 06       		.byte	0x6
 732 0028 E0010000 		.4byte	.LASF0
 733 002c 02       		.uleb128 0x2
 734 002d 01       		.byte	0x1
 735 002e 08       		.byte	0x8
 736 002f C1000000 		.4byte	.LASF1
 737 0033 02       		.uleb128 0x2
 738 0034 02       		.byte	0x2
 739 0035 05       		.byte	0x5
 740 0036 C2010000 		.4byte	.LASF2
 741 003a 02       		.uleb128 0x2
 742 003b 02       		.byte	0x2
 743 003c 07       		.byte	0x7
 744 003d 25000000 		.4byte	.LASF3
 745 0041 02       		.uleb128 0x2
 746 0042 04       		.byte	0x4
 747 0043 05       		.byte	0x5
 748 0044 D2010000 		.4byte	.LASF4
 749 0048 02       		.uleb128 0x2
 750 0049 04       		.byte	0x4
 751 004a 07       		.byte	0x7
 752 004b D9000000 		.4byte	.LASF5
 753 004f 02       		.uleb128 0x2
 754 0050 08       		.byte	0x8
 755 0051 05       		.byte	0x5
 756 0052 8A010000 		.4byte	.LASF6
 757 0056 02       		.uleb128 0x2
 758 0057 08       		.byte	0x8
 759 0058 07       		.byte	0x7
 760 0059 24010000 		.4byte	.LASF7
 761 005d 03       		.uleb128 0x3
 762 005e 04       		.byte	0x4
 763 005f 05       		.byte	0x5
 764 0060 696E7400 		.ascii	"int\000"
 765 0064 02       		.uleb128 0x2
 766 0065 04       		.byte	0x4
 767 0066 07       		.byte	0x7
 768 0067 17010000 		.4byte	.LASF8
 769 006b 04       		.uleb128 0x4
 770 006c CC010000 		.4byte	.LASF33
 771 0070 02       		.byte	0x2
 772 0071 A1       		.byte	0xa1
 773 0072 2C000000 		.4byte	0x2c
 774 0076 02       		.uleb128 0x2
 775 0077 04       		.byte	0x4
 776 0078 04       		.byte	0x4
 777 0079 3F000000 		.4byte	.LASF9
ARM GAS  C:\Users\PAVAND~1\AppData\Local\Temp\ccc2Y6FV.s 			page 18


 778 007d 02       		.uleb128 0x2
 779 007e 08       		.byte	0x8
 780 007f 04       		.byte	0x4
 781 0080 FB000000 		.4byte	.LASF10
 782 0084 02       		.uleb128 0x2
 783 0085 01       		.byte	0x1
 784 0086 08       		.byte	0x8
 785 0087 DB010000 		.4byte	.LASF11
 786 008b 02       		.uleb128 0x2
 787 008c 04       		.byte	0x4
 788 008d 07       		.byte	0x7
 789 008e 81010000 		.4byte	.LASF12
 790 0092 05       		.uleb128 0x5
 791 0093 0B010000 		.4byte	.LASF34
 792 0097 01       		.byte	0x1
 793 0098 04       		.byte	0x4
 794 0099 5D000000 		.4byte	0x5d
 795 009d 00000000 		.4byte	.LFB35
 796 00a1 A4040000 		.4byte	.LFE35-.LFB35
 797 00a5 01       		.uleb128 0x1
 798 00a6 9C       		.byte	0x9c
 799 00a7 06       		.uleb128 0x6
 800 00a8 08000000 		.4byte	.LASF35
 801 00ac 01       		.byte	0x1
 802 00ad 01       		.byte	0x1
 803 00ae 06       		.byte	0x6
 804 00af 02010000 		.4byte	0x102
 805 00b3 07       		.uleb128 0x7
 806 00b4 00000000 		.4byte	.LASF13
 807 00b8 00       		.sleb128 0
 808 00b9 07       		.uleb128 0x7
 809 00ba B1010000 		.4byte	.LASF14
 810 00be 01       		.sleb128 1
 811 00bf 07       		.uleb128 0x7
 812 00c0 10010000 		.4byte	.LASF15
 813 00c4 02       		.sleb128 2
 814 00c5 07       		.uleb128 0x7
 815 00c6 EB000000 		.4byte	.LASF16
 816 00ca 03       		.sleb128 3
 817 00cb 07       		.uleb128 0x7
 818 00cc BA010000 		.4byte	.LASF17
 819 00d0 04       		.sleb128 4
 820 00d1 07       		.uleb128 0x7
 821 00d2 AA010000 		.4byte	.LASF18
 822 00d6 05       		.sleb128 5
 823 00d7 07       		.uleb128 0x7
 824 00d8 F4010000 		.4byte	.LASF19
 825 00dc 06       		.sleb128 6
 826 00dd 07       		.uleb128 0x7
 827 00de CF000000 		.4byte	.LASF20
 828 00e2 07       		.sleb128 7
 829 00e3 07       		.uleb128 0x7
 830 00e4 3B010000 		.4byte	.LASF21
 831 00e8 08       		.sleb128 8
 832 00e9 07       		.uleb128 0x7
 833 00ea 98010000 		.4byte	.LASF22
 834 00ee 09       		.sleb128 9
ARM GAS  C:\Users\PAVAND~1\AppData\Local\Temp\ccc2Y6FV.s 			page 19


 835 00ef 07       		.uleb128 0x7
 836 00f0 F2000000 		.4byte	.LASF23
 837 00f4 0A       		.sleb128 10
 838 00f5 07       		.uleb128 0x7
 839 00f6 A0010000 		.4byte	.LASF24
 840 00fa 0B       		.sleb128 11
 841 00fb 07       		.uleb128 0x7
 842 00fc 15000000 		.4byte	.LASF25
 843 0100 0C       		.sleb128 12
 844 0101 00       		.byte	0
 845 0102 08       		.uleb128 0x8
 846 0103 38000000 		.4byte	.LASF26
 847 0107 01       		.byte	0x1
 848 0108 17       		.byte	0x17
 849 0109 5D000000 		.4byte	0x5d
 850 010d 02       		.uleb128 0x2
 851 010e 91       		.byte	0x91
 852 010f 6C       		.sleb128 -20
 853 0110 08       		.uleb128 0x8
 854 0111 EC010000 		.4byte	.LASF27
 855 0115 01       		.byte	0x1
 856 0116 18       		.byte	0x18
 857 0117 6B000000 		.4byte	0x6b
 858 011b 02       		.uleb128 0x2
 859 011c 91       		.byte	0x91
 860 011d 6A       		.sleb128 -22
 861 011e 08       		.uleb128 0x8
 862 011f 1C000000 		.4byte	.LASF28
 863 0123 01       		.byte	0x1
 864 0124 18       		.byte	0x18
 865 0125 6B000000 		.4byte	0x6b
 866 0129 02       		.uleb128 0x2
 867 012a 91       		.byte	0x91
 868 012b 69       		.sleb128 -23
 869 012c 08       		.uleb128 0x8
 870 012d 0F000000 		.4byte	.LASF29
 871 0131 01       		.byte	0x1
 872 0132 1A       		.byte	0x1a
 873 0133 A7000000 		.4byte	0xa7
 874 0137 02       		.uleb128 0x2
 875 0138 91       		.byte	0x91
 876 0139 6B       		.sleb128 -21
 877 013a 00       		.byte	0
 878 013b 00       		.byte	0
 879              		.section	.debug_abbrev,"",%progbits
 880              	.Ldebug_abbrev0:
 881 0000 01       		.uleb128 0x1
 882 0001 11       		.uleb128 0x11
 883 0002 01       		.byte	0x1
 884 0003 25       		.uleb128 0x25
 885 0004 0E       		.uleb128 0xe
 886 0005 13       		.uleb128 0x13
 887 0006 0B       		.uleb128 0xb
 888 0007 03       		.uleb128 0x3
 889 0008 0E       		.uleb128 0xe
 890 0009 1B       		.uleb128 0x1b
 891 000a 0E       		.uleb128 0xe
ARM GAS  C:\Users\PAVAND~1\AppData\Local\Temp\ccc2Y6FV.s 			page 20


 892 000b 55       		.uleb128 0x55
 893 000c 17       		.uleb128 0x17
 894 000d 11       		.uleb128 0x11
 895 000e 01       		.uleb128 0x1
 896 000f 10       		.uleb128 0x10
 897 0010 17       		.uleb128 0x17
 898 0011 00       		.byte	0
 899 0012 00       		.byte	0
 900 0013 02       		.uleb128 0x2
 901 0014 24       		.uleb128 0x24
 902 0015 00       		.byte	0
 903 0016 0B       		.uleb128 0xb
 904 0017 0B       		.uleb128 0xb
 905 0018 3E       		.uleb128 0x3e
 906 0019 0B       		.uleb128 0xb
 907 001a 03       		.uleb128 0x3
 908 001b 0E       		.uleb128 0xe
 909 001c 00       		.byte	0
 910 001d 00       		.byte	0
 911 001e 03       		.uleb128 0x3
 912 001f 24       		.uleb128 0x24
 913 0020 00       		.byte	0
 914 0021 0B       		.uleb128 0xb
 915 0022 0B       		.uleb128 0xb
 916 0023 3E       		.uleb128 0x3e
 917 0024 0B       		.uleb128 0xb
 918 0025 03       		.uleb128 0x3
 919 0026 08       		.uleb128 0x8
 920 0027 00       		.byte	0
 921 0028 00       		.byte	0
 922 0029 04       		.uleb128 0x4
 923 002a 16       		.uleb128 0x16
 924 002b 00       		.byte	0
 925 002c 03       		.uleb128 0x3
 926 002d 0E       		.uleb128 0xe
 927 002e 3A       		.uleb128 0x3a
 928 002f 0B       		.uleb128 0xb
 929 0030 3B       		.uleb128 0x3b
 930 0031 0B       		.uleb128 0xb
 931 0032 49       		.uleb128 0x49
 932 0033 13       		.uleb128 0x13
 933 0034 00       		.byte	0
 934 0035 00       		.byte	0
 935 0036 05       		.uleb128 0x5
 936 0037 2E       		.uleb128 0x2e
 937 0038 01       		.byte	0x1
 938 0039 3F       		.uleb128 0x3f
 939 003a 19       		.uleb128 0x19
 940 003b 03       		.uleb128 0x3
 941 003c 0E       		.uleb128 0xe
 942 003d 3A       		.uleb128 0x3a
 943 003e 0B       		.uleb128 0xb
 944 003f 3B       		.uleb128 0x3b
 945 0040 0B       		.uleb128 0xb
 946 0041 49       		.uleb128 0x49
 947 0042 13       		.uleb128 0x13
 948 0043 11       		.uleb128 0x11
ARM GAS  C:\Users\PAVAND~1\AppData\Local\Temp\ccc2Y6FV.s 			page 21


 949 0044 01       		.uleb128 0x1
 950 0045 12       		.uleb128 0x12
 951 0046 06       		.uleb128 0x6
 952 0047 40       		.uleb128 0x40
 953 0048 18       		.uleb128 0x18
 954 0049 9642     		.uleb128 0x2116
 955 004b 19       		.uleb128 0x19
 956 004c 00       		.byte	0
 957 004d 00       		.byte	0
 958 004e 06       		.uleb128 0x6
 959 004f 04       		.uleb128 0x4
 960 0050 01       		.byte	0x1
 961 0051 03       		.uleb128 0x3
 962 0052 0E       		.uleb128 0xe
 963 0053 0B       		.uleb128 0xb
 964 0054 0B       		.uleb128 0xb
 965 0055 3A       		.uleb128 0x3a
 966 0056 0B       		.uleb128 0xb
 967 0057 3B       		.uleb128 0x3b
 968 0058 0B       		.uleb128 0xb
 969 0059 01       		.uleb128 0x1
 970 005a 13       		.uleb128 0x13
 971 005b 00       		.byte	0
 972 005c 00       		.byte	0
 973 005d 07       		.uleb128 0x7
 974 005e 28       		.uleb128 0x28
 975 005f 00       		.byte	0
 976 0060 03       		.uleb128 0x3
 977 0061 0E       		.uleb128 0xe
 978 0062 1C       		.uleb128 0x1c
 979 0063 0D       		.uleb128 0xd
 980 0064 00       		.byte	0
 981 0065 00       		.byte	0
 982 0066 08       		.uleb128 0x8
 983 0067 34       		.uleb128 0x34
 984 0068 00       		.byte	0
 985 0069 03       		.uleb128 0x3
 986 006a 0E       		.uleb128 0xe
 987 006b 3A       		.uleb128 0x3a
 988 006c 0B       		.uleb128 0xb
 989 006d 3B       		.uleb128 0x3b
 990 006e 0B       		.uleb128 0xb
 991 006f 49       		.uleb128 0x49
 992 0070 13       		.uleb128 0x13
 993 0071 02       		.uleb128 0x2
 994 0072 18       		.uleb128 0x18
 995 0073 00       		.byte	0
 996 0074 00       		.byte	0
 997 0075 00       		.byte	0
 998              		.section	.debug_aranges,"",%progbits
 999 0000 1C000000 		.4byte	0x1c
 1000 0004 0200     		.2byte	0x2
 1001 0006 00000000 		.4byte	.Ldebug_info0
 1002 000a 04       		.byte	0x4
 1003 000b 00       		.byte	0
 1004 000c 0000     		.2byte	0
 1005 000e 0000     		.2byte	0
ARM GAS  C:\Users\PAVAND~1\AppData\Local\Temp\ccc2Y6FV.s 			page 22


 1006 0010 00000000 		.4byte	.LFB35
 1007 0014 A4040000 		.4byte	.LFE35-.LFB35
 1008 0018 00000000 		.4byte	0
 1009 001c 00000000 		.4byte	0
 1010              		.section	.debug_ranges,"",%progbits
 1011              	.Ldebug_ranges0:
 1012 0000 00000000 		.4byte	.LFB35
 1013 0004 A4040000 		.4byte	.LFE35
 1014 0008 00000000 		.4byte	0
 1015 000c 00000000 		.4byte	0
 1016              		.section	.debug_line,"",%progbits
 1017              	.Ldebug_line0:
 1018 0000 28010000 		.section	.debug_str,"MS",%progbits,1
 1018      02004500 
 1018      00000201 
 1018      FB0E0D00 
 1018      01010101 
 1019              	.LASF13:
 1020 0000 4E534772 		.ascii	"NSGreen\000"
 1020      65656E00 
 1021              	.LASF35:
 1022 0008 73746174 		.ascii	"states\000"
 1022      657300
 1023              	.LASF29:
 1024 000f 73746174 		.ascii	"state\000"
 1024      6500
 1025              	.LASF25:
 1026 0015 53477265 		.ascii	"SGreen\000"
 1026      656E00
 1027              	.LASF28:
 1028 001c 4E415365 		.ascii	"NASensor\000"
 1028      6E736F72 
 1028      00
 1029              	.LASF3:
 1030 0025 73686F72 		.ascii	"short unsigned int\000"
 1030      7420756E 
 1030      7369676E 
 1030      65642069 
 1030      6E7400
 1031              	.LASF26:
 1032 0038 73746174 		.ascii	"state2\000"
 1032      653200
 1033              	.LASF9:
 1034 003f 666C6F61 		.ascii	"float\000"
 1034      7400
 1035              	.LASF30:
 1036 0045 474E5520 		.ascii	"GNU C 4.8.4 20140526 (release) [ARM/embedded-4_8-br"
 1036      4320342E 
 1036      382E3420 
 1036      32303134 
 1036      30353236 
 1037 0078 616E6368 		.ascii	"anch revision 211358] -mcpu=cortex-m0 -mthumb -g -O"
 1037      20726576 
 1037      6973696F 
 1037      6E203231 
 1037      31333538 
 1038 00ab 30202D66 		.ascii	"0 -ffunction-sections\000"
ARM GAS  C:\Users\PAVAND~1\AppData\Local\Temp\ccc2Y6FV.s 			page 23


 1038      66756E63 
 1038      74696F6E 
 1038      2D736563 
 1038      74696F6E 
 1039              	.LASF1:
 1040 00c1 756E7369 		.ascii	"unsigned char\000"
 1040      676E6564 
 1040      20636861 
 1040      7200
 1041              	.LASF20:
 1042 00cf 4E415341 		.ascii	"NASAGreen\000"
 1042      47726565 
 1042      6E00
 1043              	.LASF5:
 1044 00d9 6C6F6E67 		.ascii	"long unsigned int\000"
 1044      20756E73 
 1044      69676E65 
 1044      6420696E 
 1044      7400
 1045              	.LASF16:
 1046 00eb 57477265 		.ascii	"WGreen\000"
 1046      656E00
 1047              	.LASF23:
 1048 00f2 53534147 		.ascii	"SSAGreen\000"
 1048      7265656E 
 1048      00
 1049              	.LASF10:
 1050 00fb 646F7562 		.ascii	"double\000"
 1050      6C6500
 1051              	.LASF31:
 1052 0102 2E5C6D61 		.ascii	".\\main.c\000"
 1052      696E2E63 
 1052      00
 1053              	.LASF34:
 1054 010b 6D61696E 		.ascii	"main\000"
 1054      00
 1055              	.LASF15:
 1056 0110 416C6C52 		.ascii	"AllRed\000"
 1056      656400
 1057              	.LASF8:
 1058 0117 756E7369 		.ascii	"unsigned int\000"
 1058      676E6564 
 1058      20696E74 
 1058      00
 1059              	.LASF7:
 1060 0124 6C6F6E67 		.ascii	"long long unsigned int\000"
 1060      206C6F6E 
 1060      6720756E 
 1060      7369676E 
 1060      65642069 
 1061              	.LASF21:
 1062 013b 4E415341 		.ascii	"NASAYellow\000"
 1062      59656C6C 
 1062      6F7700
 1063              	.LASF32:
 1064 0146 433A5C55 		.ascii	"C:\\Users\\Pavandeep\\Documents\\PSoC Creator\\TLC "
 1064      73657273 
ARM GAS  C:\Users\PAVAND~1\AppData\Local\Temp\ccc2Y6FV.s 			page 24


 1064      5C506176 
 1064      616E6465 
 1064      65705C44 
 1065 0174 325C544C 		.ascii	"2\\TLC3.cydsn\000"
 1065      43332E63 
 1065      7964736E 
 1065      00
 1066              	.LASF12:
 1067 0181 73697A65 		.ascii	"sizetype\000"
 1067      74797065 
 1067      00
 1068              	.LASF6:
 1069 018a 6C6F6E67 		.ascii	"long long int\000"
 1069      206C6F6E 
 1069      6720696E 
 1069      7400
 1070              	.LASF22:
 1071 0198 53414772 		.ascii	"SAGreen\000"
 1071      65656E00 
 1072              	.LASF24:
 1073 01a0 53534159 		.ascii	"SSAYellow\000"
 1073      656C6C6F 
 1073      7700
 1074              	.LASF18:
 1075 01aa 45477265 		.ascii	"EGreen\000"
 1075      656E00
 1076              	.LASF14:
 1077 01b1 4E535965 		.ascii	"NSYellow\000"
 1077      6C6C6F77 
 1077      00
 1078              	.LASF17:
 1079 01ba 5759656C 		.ascii	"WYellow\000"
 1079      6C6F7700 
 1080              	.LASF2:
 1081 01c2 73686F72 		.ascii	"short int\000"
 1081      7420696E 
 1081      7400
 1082              	.LASF33:
 1083 01cc 75696E74 		.ascii	"uint8\000"
 1083      3800
 1084              	.LASF4:
 1085 01d2 6C6F6E67 		.ascii	"long int\000"
 1085      20696E74 
 1085      00
 1086              	.LASF11:
 1087 01db 63686172 		.ascii	"char\000"
 1087      00
 1088              	.LASF0:
 1089 01e0 7369676E 		.ascii	"signed char\000"
 1089      65642063 
 1089      68617200 
 1090              	.LASF27:
 1091 01ec 4553656E 		.ascii	"ESensor\000"
 1091      736F7200 
 1092              	.LASF19:
 1093 01f4 4559656C 		.ascii	"EYellow\000"
 1093      6C6F7700 
ARM GAS  C:\Users\PAVAND~1\AppData\Local\Temp\ccc2Y6FV.s 			page 25


 1094              		.ident	"GCC: (GNU Tools for ARM Embedded Processors) 4.8.4 20140526 (release) [ARM/embedded-4_8-br
